app/build/outputs/logs/manifest-merger-debug-report.txt
-- Merging decision tree log ---
manifest
ADDED from src\main\AndroidManifest.xml:2:1-52:12
	package
		ADDED from src\main\AndroidManifest.xml:2:70-95
		INJECTED from src\main\AndroidManifest.xml
		INJECTED from src\main\AndroidManifest.xml
	android:versionName
		ADDED from src\main\AndroidManifest.xml:3:29-54
		INJECTED from src\main\AndroidManifest.xml
		INJECTED from src\main\AndroidManifest.xml
	android:versionCode
		ADDED from src\main\AndroidManifest.xml:3:5-28
		INJECTED from src\main\AndroidManifest.xml
		INJECTED from src\main\AndroidManifest.xml
	xmlns:android
		ADDED from src\main\AndroidManifest.xml:2:11-69
uses-sdk
ADDED from src\main\AndroidManifest.xml:6:5-8:40
	android:maxSdkVersion
		ADDED from src\main\AndroidManifest.xml:7:9-35
	android:targetSdkVersion
		ADDED from src\main\AndroidManifest.xml:8:9-38
		INJECTED from src\main\AndroidManifest.xml
		INJECTED from src\main\AndroidManifest.xml
	android:minSdkVersion
		ADDED from src\main\AndroidManifest.xml:6:15-41
		INJECTED from src\main\AndroidManifest.xml
		INJECTED from src\main\AndroidManifest.xml
uses-permission#android.permission.READ_EXTERNAL_STORAGE
ADDED from src\main\AndroidManifest.xml:9:5-79
	android:name
		ADDED from src\main\AndroidManifest.xml:9:22-77
uses-permission#android.permission.ACCESS_WIFI_STATE
ADDED from src\main\AndroidManifest.xml:10:5-76
	android:name
		ADDED from src\main\AndroidManifest.xml:10:22-73
uses-permission#android.permission.CHANGE_WIFI_STATE
ADDED from src\main\AndroidManifest.xml:11:5-76
	android:name
		ADDED from src\main\AndroidManifest.xml:11:22-73
uses-permission#android.permission.CHANGE_NETWORK_STATE
ADDED from src\main\AndroidManifest.xml:12:5-79
	android:name
		ADDED from src\main\AndroidManifest.xml:12:22-76
uses-permission#android.permission.INTERNET
ADDED from src\main\AndroidManifest.xml:13:5-67
	android:name
		ADDED from src\main\AndroidManifest.xml:13:22-64
uses-permission#android.permission.ACCESS_NETWORK_STATE
ADDED from src\main\AndroidManifest.xml:14:5-79
	android:name
		ADDED from src\main\AndroidManifest.xml:14:22-76
uses-permission#android.permission.READ_PHONE_STATE
ADDED from src\main\AndroidManifest.xml:15:5-75
	android:name
		ADDED from src\main\AndroidManifest.xml:15:22-72
uses-permission#android.permission.WRITE_EXTERNAL_STORAGE
ADDED from src\main\AndroidManifest.xml:16:5-81
	android:name
		ADDED from src\main\AndroidManifest.xml:16:22-78
uses-feature#android.hardware.wifi.direct
ADDED from src\main\AndroidManifest.xml:19:5-88
	android:required
		ADDED from src\main\AndroidManifest.xml:19:63-86
	android:name
		ADDED from src\main\AndroidManifest.xml:19:19-62
application
ADDED from src\main\AndroidManifest.xml:22:5-46:19
	android:label
		ADDED from src\main\AndroidManifest.xml:24:9-41
	android:icon
		ADDED from src\main\AndroidManifest.xml:23:9-45
	android:theme
		ADDED from src\main\AndroidManifest.xml:26:9-50
	android:name
		ADDED from src\main\AndroidManifest.xml:25:9-57
activity#musicplayer.PlayListActivity
ADDED from src\main\AndroidManifest.xml:28:9-29:59
	android:name
		ADDED from src\main\AndroidManifest.xml:29:13-56
activity#anuj.wifidirect.WiFiDirectActivity
ADDED from src\main\AndroidManifest.xml:31:9-40:20
	android:label
		ADDED from src\main\AndroidManifest.xml:33:13-45
	android:name
		ADDED from src\main\AndroidManifest.xml:32:13-62
intent-filter#android.intent.action.MAIN+android.intent.category.LAUNCHER
ADDED from src\main\AndroidManifest.xml:34:13-39:29
action#android.intent.action.MAIN
ADDED from src\main\AndroidManifest.xml:35:17-36:65
	android:name
		ADDED from src\main\AndroidManifest.xml:36:21-62
category#android.intent.category.LAUNCHER
ADDED from src\main\AndroidManifest.xml:37:17-38:71
	android:name
		ADDED from src\main\AndroidManifest.xml:38:21-68
service#anuj.wifidirect.FileTransferService
ADDED from src\main\AndroidManifest.xml:43:9-94
	android:enabled
		ADDED from src\main\AndroidManifest.xml:43:18-40
	android:name
		ADDED from src\main\AndroidManifest.xml:43:41-91
service#anuj.wifidirect.WiFiClientIPTransferService
ADDED from src\main\AndroidManifest.xml:44:9-102
	android:enabled
		ADDED from src\main\AndroidManifest.xml:44:18-40
	android:name
		ADDED from src\main\AndroidManifest.xml:44:41-99